<?xml version="1.0" encoding="UTF-8"?>
<!-- Generated by org.testng.reporters.JUnitReportReporter -->
<testsuite hostname="Rakeshreddy2204" failures="0" tests="1" name="mavenFramework.Appium" time="0.010" errors="0" timestamp="2022-07-19T16:57:13 IST" skipped="0">
  <testcase classname="mavenFramework.Appium" name="Testing" time="0.010"/>
  <system-out/>
</testsuite> <!-- mavenFramework.Appium -->
