<?xml version="1.0" encoding="UTF-8"?>
<!-- Generated by org.testng.reporters.JUnitReportReporter -->
<testsuite hostname="Rakeshreddy2204" failures="0" tests="2" name="mavenFramework.SeleniumTest" time="0.012" errors="0" timestamp="2022-07-27T17:03:24 IST" skipped="0">
  <testcase classname="mavenFramework.SeleniumTest" name="Chrome" time="0.000"/>
  <system-out/>
  <testcase classname="mavenFramework.SeleniumTest" name="Browser" time="0.012"/>
  <system-out/>
</testsuite> <!-- mavenFramework.SeleniumTest -->
